{"total": {"lines":{"total":1922,"covered":1586,"skipped":0,"pct":82.51},"statements":{"total":2081,"covered":1656,"skipped":0,"pct":79.57},"functions":{"total":305,"covered":261,"skipped":0,"pct":85.57},"branches":{"total":1246,"covered":864,"skipped":0,"pct":69.34},"branchesTrue":{"total":0,"covered":0,"skipped":0,"pct":100}}
,"C:\\Users\\Jonas\\Desktop\\Studijos\\Bakalaurinis\\item-inventory-moving-system\\client\\hooks\\use-activity-history.ts": {"lines":{"total":26,"covered":26,"skipped":0,"pct":100},"functions":{"total":6,"covered":6,"skipped":0,"pct":100},"statements":{"total":26,"covered":26,"skipped":0,"pct":100},"branches":{"total":9,"covered":9,"skipped":0,"pct":100}}
,"C:\\Users\\Jonas\\Desktop\\Studijos\\Bakalaurinis\\item-inventory-moving-system\\client\\hooks\\use-bluetooth-printer.ts": {"lines":{"total":231,"covered":0,"skipped":0,"pct":0},"functions":{"total":35,"covered":0,"skipped":0,"pct":0},"statements":{"total":265,"covered":0,"skipped":0,"pct":0},"branches":{"total":82,"covered":0,"skipped":0,"pct":0}}
,"C:\\Users\\Jonas\\Desktop\\Studijos\\Bakalaurinis\\item-inventory-moving-system\\client\\hooks\\use-box-modal.ts": {"lines":{"total":77,"covered":77,"skipped":0,"pct":100},"functions":{"total":8,"covered":8,"skipped":0,"pct":100},"statements":{"total":77,"covered":77,"skipped":0,"pct":100},"branches":{"total":31,"covered":29,"skipped":0,"pct":93.54}}
,"C:\\Users\\Jonas\\Desktop\\Studijos\\Bakalaurinis\\item-inventory-moving-system\\client\\hooks\\use-box-qr.ts": {"lines":{"total":62,"covered":59,"skipped":0,"pct":95.16},"functions":{"total":10,"covered":10,"skipped":0,"pct":100},"statements":{"total":65,"covered":62,"skipped":0,"pct":95.38},"branches":{"total":20,"covered":15,"skipped":0,"pct":75}}
,"C:\\Users\\Jonas\\Desktop\\Studijos\\Bakalaurinis\\item-inventory-moving-system\\client\\hooks\\use-boxes.ts": {"lines":{"total":60,"covered":60,"skipped":0,"pct":100},"functions":{"total":9,"covered":9,"skipped":0,"pct":100},"statements":{"total":60,"covered":60,"skipped":0,"pct":100},"branches":{"total":8,"covered":8,"skipped":0,"pct":100}}
,"C:\\Users\\Jonas\\Desktop\\Studijos\\Bakalaurinis\\item-inventory-moving-system\\client\\hooks\\use-collaborators.ts": {"lines":{"total":44,"covered":44,"skipped":0,"pct":100},"functions":{"total":8,"covered":8,"skipped":0,"pct":100},"statements":{"total":44,"covered":44,"skipped":0,"pct":100},"branches":{"total":8,"covered":8,"skipped":0,"pct":100}}
,"C:\\Users\\Jonas\\Desktop\\Studijos\\Bakalaurinis\\item-inventory-moving-system\\client\\hooks\\use-color-scheme.ts": {"lines":{"total":0,"covered":0,"skipped":0,"pct":100},"functions":{"total":0,"covered":0,"skipped":0,"pct":100},"statements":{"total":0,"covered":0,"skipped":0,"pct":100},"branches":{"total":0,"covered":0,"skipped":0,"pct":100}}
,"C:\\Users\\Jonas\\Desktop\\Studijos\\Bakalaurinis\\item-inventory-moving-system\\client\\hooks\\use-color-scheme.web.ts": {"lines":{"total":7,"covered":0,"skipped":0,"pct":0},"functions":{"total":2,"covered":0,"skipped":0,"pct":0},"statements":{"total":7,"covered":0,"skipped":0,"pct":0},"branches":{"total":2,"covered":0,"skipped":0,"pct":0}}
,"C:\\Users\\Jonas\\Desktop\\Studijos\\Bakalaurinis\\item-inventory-moving-system\\client\\hooks\\use-item-modal.ts": {"lines":{"total":145,"covered":144,"skipped":0,"pct":99.31},"functions":{"total":13,"covered":13,"skipped":0,"pct":100},"statements":{"total":146,"covered":145,"skipped":0,"pct":99.31},"branches":{"total":44,"covered":41,"skipped":0,"pct":93.18}}
,"C:\\Users\\Jonas\\Desktop\\Studijos\\Bakalaurinis\\item-inventory-moving-system\\client\\hooks\\use-locations.ts": {"lines":{"total":37,"covered":37,"skipped":0,"pct":100},"functions":{"total":7,"covered":7,"skipped":0,"pct":100},"statements":{"total":37,"covered":37,"skipped":0,"pct":100},"branches":{"total":8,"covered":8,"skipped":0,"pct":100}}
,"C:\\Users\\Jonas\\Desktop\\Studijos\\Bakalaurinis\\item-inventory-moving-system\\client\\hooks\\use-moving-mode.tsx": {"lines":{"total":59,"covered":59,"skipped":0,"pct":100},"functions":{"total":8,"covered":8,"skipped":0,"pct":100},"statements":{"total":59,"covered":59,"skipped":0,"pct":100},"branches":{"total":14,"covered":12,"skipped":0,"pct":85.71}}
,"C:\\Users\\Jonas\\Desktop\\Studijos\\Bakalaurinis\\item-inventory-moving-system\\client\\hooks\\use-profile.ts": {"lines":{"total":29,"covered":29,"skipped":0,"pct":100},"functions":{"total":10,"covered":10,"skipped":0,"pct":100},"statements":{"total":36,"covered":36,"skipped":0,"pct":100},"branches":{"total":14,"covered":11,"skipped":0,"pct":78.57}}
,"C:\\Users\\Jonas\\Desktop\\Studijos\\Bakalaurinis\\item-inventory-moving-system\\client\\hooks\\use-rooms.ts": {"lines":{"total":60,"covered":60,"skipped":0,"pct":100},"functions":{"total":9,"covered":9,"skipped":0,"pct":100},"statements":{"total":60,"covered":60,"skipped":0,"pct":100},"branches":{"total":8,"covered":8,"skipped":0,"pct":100}}
,"C:\\Users\\Jonas\\Desktop\\Studijos\\Bakalaurinis\\item-inventory-moving-system\\client\\hooks\\use-theme-preference.tsx": {"lines":{"total":36,"covered":36,"skipped":0,"pct":100},"functions":{"total":9,"covered":9,"skipped":0,"pct":100},"statements":{"total":36,"covered":36,"skipped":0,"pct":100},"branches":{"total":15,"covered":14,"skipped":0,"pct":93.33}}
,"C:\\Users\\Jonas\\Desktop\\Studijos\\Bakalaurinis\\item-inventory-moving-system\\client\\lib\\activity.service.ts": {"lines":{"total":83,"covered":78,"skipped":0,"pct":93.97},"functions":{"total":14,"covered":14,"skipped":0,"pct":100},"statements":{"total":86,"covered":81,"skipped":0,"pct":94.18},"branches":{"total":105,"covered":82,"skipped":0,"pct":78.09}}
,"C:\\Users\\Jonas\\Desktop\\Studijos\\Bakalaurinis\\item-inventory-moving-system\\client\\lib\\auth.service.ts": {"lines":{"total":22,"covered":22,"skipped":0,"pct":100},"functions":{"total":9,"covered":9,"skipped":0,"pct":100},"statements":{"total":29,"covered":29,"skipped":0,"pct":100},"branches":{"total":14,"covered":14,"skipped":0,"pct":100}}
,"C:\\Users\\Jonas\\Desktop\\Studijos\\Bakalaurinis\\item-inventory-moving-system\\client\\lib\\box.service.ts": {"lines":{"total":240,"covered":210,"skipped":0,"pct":87.5},"functions":{"total":33,"covered":31,"skipped":0,"pct":93.93},"statements":{"total":266,"covered":218,"skipped":0,"pct":81.95},"branches":{"total":242,"covered":146,"skipped":0,"pct":60.33}}
,"C:\\Users\\Jonas\\Desktop\\Studijos\\Bakalaurinis\\item-inventory-moving-system\\client\\lib\\collaborator.service.ts": {"lines":{"total":45,"covered":42,"skipped":0,"pct":93.33},"functions":{"total":7,"covered":7,"skipped":0,"pct":100},"statements":{"total":50,"covered":45,"skipped":0,"pct":90},"branches":{"total":40,"covered":32,"skipped":0,"pct":80}}
,"C:\\Users\\Jonas\\Desktop\\Studijos\\Bakalaurinis\\item-inventory-moving-system\\client\\lib\\item.service.ts": {"lines":{"total":175,"covered":156,"skipped":0,"pct":89.14},"functions":{"total":25,"covered":24,"skipped":0,"pct":96},"statements":{"total":191,"covered":162,"skipped":0,"pct":84.81},"branches":{"total":158,"covered":100,"skipped":0,"pct":63.29}}
,"C:\\Users\\Jonas\\Desktop\\Studijos\\Bakalaurinis\\item-inventory-moving-system\\client\\lib\\location.service.ts": {"lines":{"total":186,"covered":179,"skipped":0,"pct":96.23},"functions":{"total":33,"covered":33,"skipped":0,"pct":100},"statements":{"total":205,"covered":188,"skipped":0,"pct":91.7},"branches":{"total":174,"covered":135,"skipped":0,"pct":77.58}}
,"C:\\Users\\Jonas\\Desktop\\Studijos\\Bakalaurinis\\item-inventory-moving-system\\client\\lib\\profile.service.ts": {"lines":{"total":16,"covered":16,"skipped":0,"pct":100},"functions":{"total":3,"covered":3,"skipped":0,"pct":100},"statements":{"total":22,"covered":21,"skipped":0,"pct":95.45},"branches":{"total":18,"covered":16,"skipped":0,"pct":88.88}}
,"C:\\Users\\Jonas\\Desktop\\Studijos\\Bakalaurinis\\item-inventory-moving-system\\client\\lib\\room.service.ts": {"lines":{"total":178,"covered":171,"skipped":0,"pct":96.06},"functions":{"total":27,"covered":27,"skipped":0,"pct":100},"statements":{"total":201,"covered":181,"skipped":0,"pct":90.04},"branches":{"total":162,"covered":120,"skipped":0,"pct":74.07}}
,"C:\\Users\\Jonas\\Desktop\\Studijos\\Bakalaurinis\\item-inventory-moving-system\\client\\lib\\supabase.ts": {"lines":{"total":23,"covered":0,"skipped":0,"pct":0},"functions":{"total":4,"covered":0,"skipped":0,"pct":0},"statements":{"total":24,"covered":0,"skipped":0,"pct":0},"branches":{"total":14,"covered":0,"skipped":0,"pct":0}}
,"C:\\Users\\Jonas\\Desktop\\Studijos\\Bakalaurinis\\item-inventory-moving-system\\client\\utils\\activity-tone.ts": {"lines":{"total":9,"covered":9,"skipped":0,"pct":100},"functions":{"total":1,"covered":1,"skipped":0,"pct":100},"statements":{"total":9,"covered":9,"skipped":0,"pct":100},"branches":{"total":7,"covered":7,"skipped":0,"pct":100}}
,"C:\\Users\\Jonas\\Desktop\\Studijos\\Bakalaurinis\\item-inventory-moving-system\\client\\utils\\box-detail-utils.ts": {"lines":{"total":18,"covered":18,"skipped":0,"pct":100},"functions":{"total":5,"covered":5,"skipped":0,"pct":100},"statements":{"total":18,"covered":18,"skipped":0,"pct":100},"branches":{"total":16,"covered":16,"skipped":0,"pct":100}}
,"C:\\Users\\Jonas\\Desktop\\Studijos\\Bakalaurinis\\item-inventory-moving-system\\client\\utils\\box-qr.ts": {"lines":{"total":27,"covered":27,"skipped":0,"pct":100},"functions":{"total":6,"covered":6,"skipped":0,"pct":100},"statements":{"total":28,"covered":28,"skipped":0,"pct":100},"branches":{"total":9,"covered":9,"skipped":0,"pct":100}}
,"C:\\Users\\Jonas\\Desktop\\Studijos\\Bakalaurinis\\item-inventory-moving-system\\client\\utils\\location-icon.ts": {"lines":{"total":14,"covered":14,"skipped":0,"pct":100},"functions":{"total":2,"covered":2,"skipped":0,"pct":100},"statements":{"total":21,"covered":21,"skipped":0,"pct":100},"branches":{"total":12,"covered":12,"skipped":0,"pct":100}}
,"C:\\Users\\Jonas\\Desktop\\Studijos\\Bakalaurinis\\item-inventory-moving-system\\client\\utils\\time-formatting.ts": {"lines":{"total":13,"covered":13,"skipped":0,"pct":100},"functions":{"total":2,"covered":2,"skipped":0,"pct":100},"statements":{"total":13,"covered":13,"skipped":0,"pct":100},"branches":{"total":12,"covered":12,"skipped":0,"pct":100}}
}
